#-----------------------------------------------------------
# Vivado v2016.2 (64-bit)
# SW Build 1577090 on Thu Jun  2 16:32:40 MDT 2016
# IP Build 1577682 on Fri Jun  3 12:00:54 MDT 2016
# Start of session at: Tue Nov 15 20:52:10 2016
# Process ID: 28524
# Current directory: C:/Users/lople/Desktop/School Stuff/Engineering/EECS31L/CPU Final/CPU_TeamName
# Command line: vivado.exe -gui_launcher_event rodinguilauncherevent23128 C:\Users\lople\Desktop\School Stuff\Engineering\EECS31L\CPU Final\CPU_TeamName\CPU_TeamName.xpr
# Log file: C:/Users/lople/Desktop/School Stuff/Engineering/EECS31L/CPU Final/CPU_TeamName/vivado.log
# Journal file: C:/Users/lople/Desktop/School Stuff/Engineering/EECS31L/CPU Final/CPU_TeamName\vivado.jou
#-----------------------------------------------------------
start_gui
open_project {C:/Users/lople/Desktop/School Stuff/Engineering/EECS31L/CPU Final/CPU_TeamName/CPU_TeamName.xpr}
Scanning sources...
Finished scanning sources
INFO: [IP_Flow 19-234] Refreshing IP repositories
INFO: [IP_Flow 19-1704] No user IP repositories specified
INFO: [IP_Flow 19-2313] Loaded Vivado IP repository 'D:/Xilinx/Vivado/2016.2/data/ip'.
import_files -norecurse {{C:/Users/lople/Desktop/School Stuff/Engineering/EECS31L/midtermredwnld/mtp_TeamNam_alu.sv}}
update_compile_order -fileset sources_1
update_compile_order -fileset sim_1
remove_files {{C:/Users/lople/Desktop/School Stuff/Engineering/EECS31L/CPU Final/CPU_TeamName/CPU_TeamName.srcs/sources_1/imports/midtermredwnld/mtp_TeamNam_alu.sv}}
update_compile_order -fileset sources_1
update_compile_order -fileset sim_1
add_files -norecurse -scan_for_includes {{C:/Users/lople/Desktop/School Stuff/Engineering/EECS31L/midtermredwnld/mtp_TeamName_alu/mtp_TeamName_alu.srcs/sources_1/new/128bit_alu.sv}}
import_files -norecurse {{C:/Users/lople/Desktop/School Stuff/Engineering/EECS31L/midtermredwnld/mtp_TeamName_alu/mtp_TeamName_alu.srcs/sources_1/new/128bit_alu.sv}}
update_compile_order -fileset sources_1
update_compile_order -fileset sim_1
add_files -scan_for_includes {{C:/Users/lople/Desktop/School Stuff/Engineering/EECS31L/midtermredwnld/mtp_TeamName_alu/mtp_TeamName_alu.srcs/sources_1} {C:/Users/lople/Desktop/School Stuff/Engineering/EECS31L/midtermredwnld/mtp_TeamName_alu/mtp_TeamName_alu.srcs/sources_1/new/carry_gen.sv}}
import_files {{C:/Users/lople/Desktop/School Stuff/Engineering/EECS31L/midtermredwnld/mtp_TeamName_alu/mtp_TeamName_alu.srcs/sources_1} {C:/Users/lople/Desktop/School Stuff/Engineering/EECS31L/midtermredwnld/mtp_TeamName_alu/mtp_TeamName_alu.srcs/sources_1/new/carry_gen.sv}}
update_compile_order -fileset sources_1
update_compile_order -fileset sim_1
remove_files {{C:/Users/lople/Desktop/School Stuff/Engineering/EECS31L/CPU Final/CPU_TeamName/CPU_TeamName.srcs/sources_1/imports/sources_1/new/128bit_alu.sv}}
update_compile_order -fileset sources_1
update_compile_order -fileset sim_1
file mkdir C:/Users/lople/Desktop/School Stuff/Engineering/EECS31L/CPU Final/CPU_TeamName/CPU_TeamName.srcs/sources_1/new
file mkdir C:/Users/lople/Desktop/School Stuff/Engineering/EECS31L/CPU Final/CPU_TeamName/CPU_TeamName.srcs/sources_1/new
file mkdir C:/Users/lople/Desktop/School Stuff/Engineering/EECS31L/CPU Final/CPU_TeamName/CPU_TeamName.srcs/sources_1/new
file mkdir C:/Users/lople/Desktop/School Stuff/Engineering/EECS31L/CPU Final/CPU_TeamName/CPU_TeamName.srcs/sources_1/new
file mkdir C:/Users/lople/Desktop/School Stuff/Engineering/EECS31L/CPU Final/CPU_TeamName/CPU_TeamName.srcs/sources_1/new
file mkdir C:/Users/lople/Desktop/School Stuff/Engineering/EECS31L/CPU Final/CPU_TeamName/CPU_TeamName.srcs/sources_1/new
file mkdir {C:/Users/lople/Desktop/School Stuff/Engineering/EECS31L/CPU Final/CPU_TeamName/CPU_TeamName.srcs/sources_1/new}
close [ open {C:/Users/lople/Desktop/School Stuff/Engineering/EECS31L/CPU Final/CPU_TeamName/CPU_TeamName.srcs/sources_1/new/signext15t32.sv} w ]
add_files {{C:/Users/lople/Desktop/School Stuff/Engineering/EECS31L/CPU Final/CPU_TeamName/CPU_TeamName.srcs/sources_1/new/signext15t32.sv}}
update_compile_order -fileset sources_1
close [ open {C:/Users/lople/Desktop/School Stuff/Engineering/EECS31L/CPU Final/CPU_TeamName/CPU_TeamName.srcs/sources_1/new/regfile.sv} w ]
add_files {{C:/Users/lople/Desktop/School Stuff/Engineering/EECS31L/CPU Final/CPU_TeamName/CPU_TeamName.srcs/sources_1/new/regfile.sv}}
update_compile_order -fileset sources_1
exit
INFO: [Common 17-206] Exiting Vivado at Wed Nov 16 09:23:42 2016...
